This is pdfTeX, Version 3.14159265-2.6-1.40.20 (TeX Live 2019/Debian) (preloaded format=pdflatex 2024.4.2)  4 APR 2024 20:25
entering extended mode
 restricted \write18 enabled.
 file:line:error style messages enabled.
 %&-line parsing enabled.
**/home/nic/dev/CSCI_4302/HW4-RL/writeup/CSCI5302_HW4.tex
(/home/nic/dev/CSCI_4302/HW4-RL/writeup/CSCI5302_HW4.tex
LaTeX2e <2020-02-02> patch level 2
L3 programming layer <2020-02-14> (/usr/share/texlive/texmf-dist/tex/latex/base/article.cls
Document Class: article 2019/12/20 v1.4l Standard LaTeX document class
(/usr/share/texlive/texmf-dist/tex/latex/base/size10.clo
File: size10.clo 2019/12/20 v1.4l Standard LaTeX file (size option)
)
\c@part=\count167
\c@section=\count168
\c@subsection=\count169
\c@subsubsection=\count170
\c@paragraph=\count171
\c@subparagraph=\count172
\c@figure=\count173
\c@table=\count174
\abovecaptionskip=\skip47
\belowcaptionskip=\skip48
\bibindent=\dimen134
) (/usr/share/texlive/texmf-dist/tex/latex/amsmath/amsmath.sty
Package: amsmath 2020/01/20 v2.17e AMS math features
\@mathmargin=\skip49

For additional information on amsmath, use the `?' option.
(/usr/share/texlive/texmf-dist/tex/latex/amsmath/amstext.sty
Package: amstext 2000/06/29 v2.01 AMS text
 (/usr/share/texlive/texmf-dist/tex/latex/amsmath/amsgen.sty
File: amsgen.sty 1999/11/30 v2.0 generic functions
\@emptytoks=\toks14
\ex@=\dimen135
)) (/usr/share/texlive/texmf-dist/tex/latex/amsmath/amsbsy.sty
Package: amsbsy 1999/11/29 v1.2d Bold Symbols
\pmbraise@=\dimen136
) (/usr/share/texlive/texmf-dist/tex/latex/amsmath/amsopn.sty
Package: amsopn 2016/03/08 v2.02 operator names
)
\inf@bad=\count175
LaTeX Info: Redefining \frac on input line 227.
\uproot@=\count176
\leftroot@=\count177
LaTeX Info: Redefining \overline on input line 389.
\classnum@=\count178
\DOTSCASE@=\count179
LaTeX Info: Redefining \ldots on input line 486.
LaTeX Info: Redefining \dots on input line 489.
LaTeX Info: Redefining \cdots on input line 610.
\Mathstrutbox@=\box45
\strutbox@=\box46
\big@size=\dimen137
LaTeX Font Info:    Redeclaring font encoding OML on input line 733.
LaTeX Font Info:    Redeclaring font encoding OMS on input line 734.
\macc@depth=\count180
\c@MaxMatrixCols=\count181
\dotsspace@=\muskip16
\c@parentequation=\count182
\dspbrk@lvl=\count183
\tag@help=\toks15
\row@=\count184
\column@=\count185
\maxfields@=\count186
\andhelp@=\toks16
\eqnshift@=\dimen138
\alignsep@=\dimen139
\tagshift@=\dimen140
\tagwidth@=\dimen141
\totwidth@=\dimen142
\lineht@=\dimen143
\@envbody=\toks17
\multlinegap=\skip50
\multlinetaggap=\skip51
\mathdisplay@stack=\toks18
LaTeX Info: Redefining \[ on input line 2859.
LaTeX Info: Redefining \] on input line 2860.
) (/usr/share/texlive/texmf-dist/tex/latex/amsfonts/amssymb.sty
Package: amssymb 2013/01/14 v3.01 AMS font symbols
 (/usr/share/texlive/texmf-dist/tex/latex/amsfonts/amsfonts.sty
Package: amsfonts 2013/01/14 v3.01 Basic AMSFonts support
\symAMSa=\mathgroup4
\symAMSb=\mathgroup5
LaTeX Font Info:    Redeclaring math symbol \hbar on input line 98.
LaTeX Font Info:    Overwriting math alphabet `\mathfrak' in version `bold'
(Font)                  U/euf/m/n --> U/euf/b/n on input line 106.
)) (/usr/share/texlive/texmf-dist/tex/latex/graphics/graphicx.sty
Package: graphicx 2019/11/30 v1.2a Enhanced LaTeX Graphics (DPC,SPQR)
 (/usr/share/texlive/texmf-dist/tex/latex/graphics/keyval.sty
Package: keyval 2014/10/28 v1.15 key=value parser (DPC)
\KV@toks@=\toks19
) (/usr/share/texlive/texmf-dist/tex/latex/graphics/graphics.sty
Package: graphics 2019/11/30 v1.4a Standard LaTeX Graphics (DPC,SPQR)
 (/usr/share/texlive/texmf-dist/tex/latex/graphics/trig.sty
Package: trig 2016/01/03 v1.10 sin cos tan (DPC)
) (/usr/share/texlive/texmf-dist/tex/latex/graphics-cfg/graphics.cfg
File: graphics.cfg 2016/06/04 v1.11 sample graphics configuration
)
Package graphics Info: Driver file: pdftex.def on input line 105.
 (/usr/share/texlive/texmf-dist/tex/latex/graphics-def/pdftex.def
File: pdftex.def 2018/01/08 v1.0l Graphics/color driver for pdftex
))
\Gin@req@height=\dimen144
\Gin@req@width=\dimen145
) (/usr/share/texlive/texmf-dist/tex/latex/tools/enumerate.sty
Package: enumerate 2015/07/23 v3.00 enumerate extensions (DPC)
\@enLab=\toks20
) (/usr/share/texlive/texmf-dist/tex/latex/hyperref/hyperref.sty
Package: hyperref 2020/01/14 v7.00d Hypertext links for LaTeX
 (/usr/share/texlive/texmf-dist/tex/generic/ltxcmds/ltxcmds.sty
Package: ltxcmds 2019/12/15 v1.24 LaTeX kernel commands for general use (HO)
) (/usr/share/texlive/texmf-dist/tex/generic/iftex/iftex.sty
Package: iftex 2019/11/07 v1.0c TeX engine tests
) (/usr/share/texlive/texmf-dist/tex/latex/pdftexcmds/pdftexcmds.sty
Package: pdftexcmds 2019/11/24 v0.31 Utility functions of pdfTeX for LuaTeX (HO)
 (/usr/share/texlive/texmf-dist/tex/generic/infwarerr/infwarerr.sty
Package: infwarerr 2019/12/03 v1.5 Providing info/warning/error messages (HO)
)
Package pdftexcmds Info: \pdf@primitive is available.
Package pdftexcmds Info: \pdf@ifprimitive is available.
Package pdftexcmds Info: \pdfdraftmode found.
) (/usr/share/texlive/texmf-dist/tex/generic/kvsetkeys/kvsetkeys.sty
Package: kvsetkeys 2019/12/15 v1.18 Key value parser (HO)
) (/usr/share/texlive/texmf-dist/tex/generic/kvdefinekeys/kvdefinekeys.sty
Package: kvdefinekeys 2019-12-19 v1.6 Define keys (HO)
) (/usr/share/texlive/texmf-dist/tex/generic/pdfescape/pdfescape.sty
Package: pdfescape 2019/12/09 v1.15 Implements pdfTeX's escape features (HO)
) (/usr/share/texlive/texmf-dist/tex/latex/hycolor/hycolor.sty
Package: hycolor 2020-01-27 v1.10 Color options for hyperref/bookmark (HO)
) (/usr/share/texlive/texmf-dist/tex/latex/letltxmacro/letltxmacro.sty
Package: letltxmacro 2019/12/03 v1.6 Let assignment for LaTeX macros (HO)
) (/usr/share/texlive/texmf-dist/tex/latex/auxhook/auxhook.sty
Package: auxhook 2019-12-17 v1.6 Hooks for auxiliary files (HO)
) (/usr/share/texlive/texmf-dist/tex/latex/kvoptions/kvoptions.sty
Package: kvoptions 2019/11/29 v3.13 Key value format for package options (HO)
)
\@linkdim=\dimen146
\Hy@linkcounter=\count187
\Hy@pagecounter=\count188
 (/usr/share/texlive/texmf-dist/tex/latex/hyperref/pd1enc.def
File: pd1enc.def 2020/01/14 v7.00d Hyperref: PDFDocEncoding definition (HO)
Now handling font encoding PD1 ...
... no UTF-8 mapping file for font encoding PD1
) (/usr/share/texlive/texmf-dist/tex/generic/intcalc/intcalc.sty
Package: intcalc 2019/12/15 v1.3 Expandable calculations with integers (HO)
) (/usr/share/texlive/texmf-dist/tex/generic/etexcmds/etexcmds.sty
Package: etexcmds 2019/12/15 v1.7 Avoid name clashes with e-TeX commands (HO)
)
\Hy@SavedSpaceFactor=\count189
\pdfmajorversion=\count190
Package hyperref Info: Hyper figures OFF on input line 4547.
Package hyperref Info: Link nesting OFF on input line 4552.
Package hyperref Info: Hyper index ON on input line 4555.
Package hyperref Info: Plain pages OFF on input line 4562.
Package hyperref Info: Backreferencing OFF on input line 4567.
Package hyperref Info: Implicit mode ON; LaTeX internals redefined.
Package hyperref Info: Bookmarks ON on input line 4800.
\c@Hy@tempcnt=\count191
 (/usr/share/texlive/texmf-dist/tex/latex/url/url.sty
\Urlmuskip=\muskip17
Package: url 2013/09/16  ver 3.4  Verb mode for urls, etc.
)
LaTeX Info: Redefining \url on input line 5159.
\XeTeXLinkMargin=\dimen147
 (/usr/share/texlive/texmf-dist/tex/generic/bitset/bitset.sty
Package: bitset 2019/12/09 v1.3 Handle bit-vector datatype (HO)
 (/usr/share/texlive/texmf-dist/tex/generic/bigintcalc/bigintcalc.sty
Package: bigintcalc 2019/12/15 v1.5 Expandable calculations on big integers (HO)
))
\Fld@menulength=\count192
\Field@Width=\dimen148
\Fld@charsize=\dimen149
Package hyperref Info: Hyper figures OFF on input line 6430.
Package hyperref Info: Link nesting OFF on input line 6435.
Package hyperref Info: Hyper index ON on input line 6438.
Package hyperref Info: backreferencing OFF on input line 6445.
Package hyperref Info: Link coloring OFF on input line 6450.
Package hyperref Info: Link coloring with OCG OFF on input line 6455.
Package hyperref Info: PDF/A mode OFF on input line 6460.
LaTeX Info: Redefining \ref on input line 6500.
LaTeX Info: Redefining \pageref on input line 6504.
 (/usr/share/texlive/texmf-dist/tex/generic/atbegshi/atbegshi.sty
Package: atbegshi 2019/12/05 v1.19 At begin shipout hook (HO)
)
\Hy@abspage=\count193
\c@Item=\count194
\c@Hfootnote=\count195
)
Package hyperref Info: Driver (autodetected): hpdftex.
 (/usr/share/texlive/texmf-dist/tex/latex/hyperref/hpdftex.def
File: hpdftex.def 2020/01/14 v7.00d Hyperref driver for pdfTeX
 (/usr/share/texlive/texmf-dist/tex/latex/atveryend/atveryend.sty
Package: atveryend 2019-12-11 v1.11 Hooks at the very end of document (HO)
Package atveryend Info: \enddocument detected (standard20110627).
)
\Fld@listcount=\count196
\c@bookmark@seq@number=\count197
 (/usr/share/texlive/texmf-dist/tex/latex/rerunfilecheck/rerunfilecheck.sty
Package: rerunfilecheck 2019/12/05 v1.9 Rerun checks for auxiliary files (HO)
 (/usr/share/texlive/texmf-dist/tex/generic/uniquecounter/uniquecounter.sty
Package: uniquecounter 2019/12/15 v1.4 Provide unlimited unique counter (HO)
)
Package uniquecounter Info: New unique counter `rerunfilecheck' on input line 286.
)
\Hy@SectionHShift=\skip52
) (/usr/share/texlive/texmf-dist/tex/latex/caption/subcaption.sty
Package: subcaption 2020/01/22 v1.3d Sub-captions (AR)
 (/usr/share/texlive/texmf-dist/tex/latex/caption/caption.sty
Package: caption 2020/01/03 v3.4h Customizing captions (AR)
 (/usr/share/texlive/texmf-dist/tex/latex/caption/caption3.sty
Package: caption3 2020/01/03 v1.8h caption3 kernel (AR)
Package caption3 Info: TeX engine: e-TeX on input line 61.
\captionmargin=\dimen150
\captionmargin@=\dimen151
\captionwidth=\dimen152
\caption@tempdima=\dimen153
\caption@indent=\dimen154
\caption@parindent=\dimen155
\caption@hangindent=\dimen156
Package caption Info: Standard document class detected.
)
\c@caption@flags=\count198
\c@continuedfloat=\count199
Package caption Info: hyperref package is loaded.
)
\c@subfigure=\count266
\c@subtable=\count267
) (/usr/share/texlive/texmf-dist/tex/latex/xcolor/xcolor.sty
Package: xcolor 2016/05/11 v2.12 LaTeX color extensions (UK)
 (/usr/share/texlive/texmf-dist/tex/latex/graphics-cfg/color.cfg
File: color.cfg 2016/01/02 v1.6 sample color configuration
)
Package xcolor Info: Driver file: pdftex.def on input line 225.
Package xcolor Info: Model `cmy' substituted by `cmy0' on input line 1348.
Package xcolor Info: Model `hsb' substituted by `rgb' on input line 1352.
Package xcolor Info: Model `RGB' extended on input line 1364.
Package xcolor Info: Model `HTML' substituted by `rgb' on input line 1366.
Package xcolor Info: Model `Hsb' substituted by `hsb' on input line 1367.
Package xcolor Info: Model `tHsb' substituted by `hsb' on input line 1368.
Package xcolor Info: Model `HSB' substituted by `hsb' on input line 1369.
Package xcolor Info: Model `Gray' substituted by `gray' on input line 1370.
Package xcolor Info: Model `wave' substituted by `hsb' on input line 1371.
) (/usr/share/texlive/texmf-dist/tex/latex/l3backend/l3backend-pdfmode.def
File: l3backend-pdfmode.def 2020-02-03 L3 backend support: PDF mode
\l__kernel_color_stack_int=\count268
\l__pdf_internal_box=\box47
) (/home/nic/dev/CSCI_4302/HW4-RL/writeup/CSCI5302_HW4.aux)
\openout1 = `CSCI5302_HW4.aux'.

LaTeX Font Info:    Checking defaults for OML/cmm/m/it on input line 32.
LaTeX Font Info:    ... okay on input line 32.
LaTeX Font Info:    Checking defaults for OMS/cmsy/m/n on input line 32.
LaTeX Font Info:    ... okay on input line 32.
LaTeX Font Info:    Checking defaults for OT1/cmr/m/n on input line 32.
LaTeX Font Info:    ... okay on input line 32.
LaTeX Font Info:    Checking defaults for T1/cmr/m/n on input line 32.
LaTeX Font Info:    ... okay on input line 32.
LaTeX Font Info:    Checking defaults for TS1/cmr/m/n on input line 32.
LaTeX Font Info:    ... okay on input line 32.
LaTeX Font Info:    Checking defaults for OMX/cmex/m/n on input line 32.
LaTeX Font Info:    ... okay on input line 32.
LaTeX Font Info:    Checking defaults for U/cmr/m/n on input line 32.
LaTeX Font Info:    ... okay on input line 32.
LaTeX Font Info:    Checking defaults for PD1/pdf/m/n on input line 32.
LaTeX Font Info:    ... okay on input line 32.
 (/usr/share/texlive/texmf-dist/tex/context/base/mkii/supp-pdf.mkii
[Loading MPS to PDF converter (version 2006.09.02).]
\scratchcounter=\count269
\scratchdimen=\dimen157
\scratchbox=\box48
\nofMPsegments=\count270
\nofMParguments=\count271
\everyMPshowfont=\toks21
\MPscratchCnt=\count272
\MPscratchDim=\dimen158
\MPnumerator=\count273
\makeMPintoPDFobject=\count274
\everyMPtoPDFconversion=\toks22
) (/usr/share/texlive/texmf-dist/tex/latex/epstopdf-pkg/epstopdf-base.sty
Package: epstopdf-base 2020-01-24 v2.11 Base part for package epstopdf
Package epstopdf-base Info: Redefining graphics rule for `.eps' on input line 485.
 (/usr/share/texlive/texmf-dist/tex/latex/latexconfig/epstopdf-sys.cfg
File: epstopdf-sys.cfg 2010/07/13 v1.3 Configuration of (r)epstopdf for TeX Live
))
\AtBeginShipoutBox=\box49
Package hyperref Info: Link coloring OFF on input line 32.
 (/usr/share/texlive/texmf-dist/tex/latex/hyperref/nameref.sty
Package: nameref 2019/09/16 v2.46 Cross-referencing by name of section
 (/usr/share/texlive/texmf-dist/tex/latex/refcount/refcount.sty
Package: refcount 2019/12/15 v3.6 Data extraction from label references (HO)
) (/usr/share/texlive/texmf-dist/tex/generic/gettitlestring/gettitlestring.sty
Package: gettitlestring 2019/12/15 v1.6 Cleanup title references (HO)
)
\c@section@level=\count275
)
LaTeX Info: Redefining \ref on input line 32.
LaTeX Info: Redefining \pageref on input line 32.
LaTeX Info: Redefining \nameref on input line 32.
 (/home/nic/dev/CSCI_4302/HW4-RL/writeup/CSCI5302_HW4.out) (/home/nic/dev/CSCI_4302/HW4-RL/writeup/CSCI5302_HW4.out)
\@outlinefile=\write3
\openout3 = `CSCI5302_HW4.out'.

Package caption Info: Begin \AtBeginDocument code.
Package caption Info: End \AtBeginDocument code.

Underfull \hbox (badness 10000) in paragraph at lines 39--40

 []


Underfull \hbox (badness 10000) in paragraph at lines 43--45

 []

<../figures/gridworld-v0_deterministic_vi.png, id=4, 462.528pt x 346.896pt>
File: ../figures/gridworld-v0_deterministic_vi.png Graphic file (type png)
<use ../figures/gridworld-v0_deterministic_vi.png>
Package pdftex.def Info: ../figures/gridworld-v0_deterministic_vi.png  used on input line 70.
(pdftex.def)             Requested size: 187.77022pt x 140.83087pt.

Underfull \hbox (badness 2790) in paragraph at lines 71--71
[]\OT1/cmr/m/n/9 (a) |Heatmap of the fi-nal val-ues on the
 []

LaTeX Font Info:    Trying to load font information for U+msa on input line 72.
(/usr/share/texlive/texmf-dist/tex/latex/amsfonts/umsa.fd
File: umsa.fd 2013/01/14 v3.01 AMS symbols A
)
LaTeX Font Info:    Trying to load font information for U+msb on input line 72.
 (/usr/share/texlive/texmf-dist/tex/latex/amsfonts/umsb.fd
File: umsb.fd 2013/01/14 v3.01 AMS symbols B
)
<../figures/gridworld-v1_deterministic_vi.png, id=6, 462.528pt x 346.896pt>
File: ../figures/gridworld-v1_deterministic_vi.png Graphic file (type png)
<use ../figures/gridworld-v1_deterministic_vi.png>
Package pdftex.def Info: ../figures/gridworld-v1_deterministic_vi.png  used on input line 76.
(pdftex.def)             Requested size: 187.77022pt x 140.83087pt.

Underfull \hbox (badness 2662) in paragraph at lines 77--77
[]\OT1/cmr/m/n/9 (b) |Heatmap of the fi-nal val-ues on the
 []

[1{/var/lib/texmf/fonts/map/pdftex/updmap/pdftex.map}

 <../figures/gridworld-v0_deterministic_vi.png> <../figures/gridworld-v1_deterministic_vi.png>]
<../figures/gridworld-v0_maxent_t0.png, id=23, 462.528pt x 346.896pt>
File: ../figures/gridworld-v0_maxent_t0.png Graphic file (type png)
<use ../figures/gridworld-v0_maxent_t0.png>
Package pdftex.def Info: ../figures/gridworld-v0_maxent_t0.png  used on input line 95.
(pdftex.def)             Requested size: 125.18227pt x 93.88548pt.
<../figures/gridworld-v0_maxent_t1.png, id=24, 462.528pt x 346.896pt>
File: ../figures/gridworld-v0_maxent_t1.png Graphic file (type png)
<use ../figures/gridworld-v0_maxent_t1.png>
Package pdftex.def Info: ../figures/gridworld-v0_maxent_t1.png  used on input line 101.
(pdftex.def)             Requested size: 125.18227pt x 93.88548pt.
<../figures/gridworld-v0_maxent_t2.png, id=25, 462.528pt x 346.896pt>
File: ../figures/gridworld-v0_maxent_t2.png Graphic file (type png)
<use ../figures/gridworld-v0_maxent_t2.png>
Package pdftex.def Info: ../figures/gridworld-v0_maxent_t2.png  used on input line 107.
(pdftex.def)             Requested size: 125.18227pt x 93.88548pt.
<../figures/gridworld-v1_maxent_t0.png, id=26, 462.528pt x 346.896pt>
File: ../figures/gridworld-v1_maxent_t0.png Graphic file (type png)
<use ../figures/gridworld-v1_maxent_t0.png>
Package pdftex.def Info: ../figures/gridworld-v1_maxent_t0.png  used on input line 117.
(pdftex.def)             Requested size: 125.18227pt x 93.88548pt.
<../figures/gridworld-v1_maxent_t1.png, id=27, 462.528pt x 346.896pt>
File: ../figures/gridworld-v1_maxent_t1.png Graphic file (type png)
<use ../figures/gridworld-v1_maxent_t1.png>
Package pdftex.def Info: ../figures/gridworld-v1_maxent_t1.png  used on input line 123.
(pdftex.def)             Requested size: 125.18227pt x 93.88548pt.
<../figures/gridworld-v1_maxent_t2.png, id=28, 462.528pt x 346.896pt>
File: ../figures/gridworld-v1_maxent_t2.png Graphic file (type png)
<use ../figures/gridworld-v1_maxent_t2.png>
Package pdftex.def Info: ../figures/gridworld-v1_maxent_t2.png  used on input line 129.
(pdftex.def)             Requested size: 125.18227pt x 93.88548pt.
 [2 <../figures/gridworld-v0_maxent_t0.png> <../figures/gridworld-v0_maxent_t1.png> <../figures/gridworld-v0_maxent_t2.png> <../figures/gridworld-v1_maxent_t0.png> <../figures/gridworld-v1_maxent_t1.png> <../figures/gridworld-v1_maxent_t2.png>]
<../figures/gridworld-v0_deterministic_pi.png, id=46, 462.528pt x 346.896pt>
File: ../figures/gridworld-v0_deterministic_pi.png Graphic file (type png)
<use ../figures/gridworld-v0_deterministic_pi.png>
Package pdftex.def Info: ../figures/gridworld-v0_deterministic_pi.png  used on input line 152.
(pdftex.def)             Requested size: 417.26999pt x 312.96573pt.
 [3 <../figures/gridworld-v0_deterministic_pi.png>]
<../figures/MountainCar_nn_21.png, id=54, 462.528pt x 346.896pt>
File: ../figures/MountainCar_nn_21.png Graphic file (type png)
<use ../figures/MountainCar_nn_21.png>
Package pdftex.def Info: ../figures/MountainCar_nn_21.png  used on input line 180.
(pdftex.def)             Requested size: 125.18227pt x 93.88548pt.

Underfull \hbox (badness 4403) in paragraph at lines 181--181
\OT1/cmr/m/n/9 af-ter 150 it-er-a-tions of the
 []


Underfull \hbox (badness 1668) in paragraph at lines 181--181
\OT1/cmr/m/n/9 value it-er-a-tion al-go-rithm on
 []

<../figures/MountainCar_nn_51.png, id=55, 462.528pt x 346.896pt>
File: ../figures/MountainCar_nn_51.png Graphic file (type png)
<use ../figures/MountainCar_nn_51.png>
Package pdftex.def Info: ../figures/MountainCar_nn_51.png  used on input line 186.
(pdftex.def)             Requested size: 125.18227pt x 93.88548pt.

Underfull \hbox (badness 4403) in paragraph at lines 187--187
\OT1/cmr/m/n/9 af-ter 150 it-er-a-tions of the
 []


Underfull \hbox (badness 1668) in paragraph at lines 187--187
\OT1/cmr/m/n/9 value it-er-a-tion al-go-rithm on
 []

<../figures/MountainCar_nn_101.png, id=56, 462.528pt x 346.896pt>
File: ../figures/MountainCar_nn_101.png Graphic file (type png)
<use ../figures/MountainCar_nn_101.png>
Package pdftex.def Info: ../figures/MountainCar_nn_101.png  used on input line 192.
(pdftex.def)             Requested size: 125.18227pt x 93.88548pt.

Underfull \hbox (badness 4403) in paragraph at lines 193--193
\OT1/cmr/m/n/9 af-ter 150 it-er-a-tions of the
 []


Underfull \hbox (badness 1668) in paragraph at lines 193--193
\OT1/cmr/m/n/9 value it-er-a-tion al-go-rithm on
 []

[4 <../figures/MountainCar_nn_21.png> <../figures/MountainCar_nn_51.png> <../figures/MountainCar_nn_101.png>]
<../figures/MountainCar_linear_21.png, id=68, 462.528pt x 346.896pt>
File: ../figures/MountainCar_linear_21.png Graphic file (type png)
<use ../figures/MountainCar_linear_21.png>
Package pdftex.def Info: ../figures/MountainCar_linear_21.png  used on input line 204.
(pdftex.def)             Requested size: 125.18227pt x 93.88548pt.

Underfull \hbox (badness 4913) in paragraph at lines 205--205
[]\OT1/cmr/m/n/9 (a) |Heatmap of state val-
 []


Underfull \hbox (badness 4366) in paragraph at lines 205--205
\OT1/cmr/m/n/9 ues af-ter 150 it-er-a-tions of
 []


Underfull \hbox (badness 1199) in paragraph at lines 205--205
\OT1/cmr/m/n/9 tion. The con-tin-u-ous state
 []

<../figures/MountainCar_linear_51.png, id=69, 462.528pt x 346.896pt>
File: ../figures/MountainCar_linear_51.png Graphic file (type png)
<use ../figures/MountainCar_linear_51.png>
Package pdftex.def Info: ../figures/MountainCar_linear_51.png  used on input line 210.
(pdftex.def)             Requested size: 125.18227pt x 93.88548pt.

Underfull \hbox (badness 4582) in paragraph at lines 211--211
[]\OT1/cmr/m/n/9 (b) |Heatmap of state val-
 []


Underfull \hbox (badness 4366) in paragraph at lines 211--211
\OT1/cmr/m/n/9 ues af-ter 150 it-er-a-tions of
 []


Underfull \hbox (badness 1199) in paragraph at lines 211--211
\OT1/cmr/m/n/9 tion. The con-tin-u-ous state
 []

<../figures/MountainCar_linear_101.png, id=70, 462.528pt x 346.896pt>
File: ../figures/MountainCar_linear_101.png Graphic file (type png)
<use ../figures/MountainCar_linear_101.png>
Package pdftex.def Info: ../figures/MountainCar_linear_101.png  used on input line 216.
(pdftex.def)             Requested size: 125.18227pt x 93.88548pt.

Underfull \hbox (badness 5260) in paragraph at lines 217--217
[]\OT1/cmr/m/n/9 (c) |Heatmap of state val-
 []


Underfull \hbox (badness 4366) in paragraph at lines 217--217
\OT1/cmr/m/n/9 ues af-ter 150 it-er-a-tions of
 []


Underfull \hbox (badness 1199) in paragraph at lines 217--217
\OT1/cmr/m/n/9 tion. The con-tin-u-ous state
 []

<../figures/lookahead_mc.png, id=71, 443.40656pt x 328.22626pt>
File: ../figures/lookahead_mc.png Graphic file (type png)
<use ../figures/lookahead_mc.png>
Package pdftex.def Info: ../figures/lookahead_mc.png  used on input line 233.
(pdftex.def)             Requested size: 417.26999pt x 308.89832pt.

LaTeX Warning: `!h' float specifier changed to `!ht'.

Package atveryend Info: Empty hook `BeforeClearDocument' on input line 237.
[5 <../figures/MountainCar_linear_21.png> <../figures/MountainCar_linear_51.png> <../figures/MountainCar_linear_101.png>] [6 <../figures/lookahead_mc.png>]
Package atveryend Info: Empty hook `AfterLastShipout' on input line 237.
 (/home/nic/dev/CSCI_4302/HW4-RL/writeup/CSCI5302_HW4.aux)
Package atveryend Info: Executing hook `AtVeryEndDocument' on input line 237.
Package atveryend Info: Executing hook `AtEndAfterFileList' on input line 237.
Package rerunfilecheck Info: File `CSCI5302_HW4.out' has not changed.
(rerunfilecheck)             Checksum: D41D8CD98F00B204E9800998ECF8427E;0.
Package atveryend Info: Empty hook `AtVeryVeryEnd' on input line 237.
 ) 
Here is how much of TeX's memory you used:
 8004 strings out of 481239
 122794 string characters out of 5920378
 385155 words of memory out of 5000000
 23114 multiletter control sequences out of 15000+600000
 536313 words of font info for 41 fonts, out of 8000000 for 9000
 1141 hyphenation exceptions out of 8191
 48i,11n,46p,1161b,643s stack positions out of 5000i,500n,10000p,200000b,80000s
</usr/share/texlive/texmf-dist/fonts/type1/public/amsfonts/cm/cmbx10.pfb></usr/share/texlive/texmf-dist/fonts/type1/public/amsfonts/cm/cmex10.pfb></usr/share/texlive/texmf-dist/fonts/type1/public/amsfonts/cm/cmmi10.pfb></usr/share/texlive/texmf-dist/fonts/type1/public/amsfonts/cm/cmmi7.pfb></usr/share/texlive/texmf-dist/fonts/type1/public/amsfonts/cm/cmr10.pfb></usr/share/texlive/texmf-dist/fonts/type1/public/amsfonts/cm/cmr17.pfb></usr/share/texlive/texmf-dist/fonts/type1/public/amsfonts/cm/cmr7.pfb></usr/share/texlive/texmf-dist/fonts/type1/public/amsfonts/cm/cmr9.pfb></usr/share/texlive/texmf-dist/fonts/type1/public/amsfonts/cm/cmsl10.pfb></usr/share/texlive/texmf-dist/fonts/type1/public/amsfonts/cm/cmsy10.pfb></usr/share/texlive/texmf-dist/fonts/type1/public/amsfonts/cm/cmti10.pfb></usr/share/texlive/texmf-dist/fonts/type1/public/amsfonts/cm/cmtt10.pfb></usr/share/texlive/texmf-dist/fonts/type1/public/amsfonts/cm/cmtt9.pfb>
Output written on /home/nic/dev/CSCI_4302/HW4-RL/writeup/CSCI5302_HW4.pdf (6 pages, 381120 bytes).
PDF statistics:
 135 PDF objects out of 1000 (max. 8388607)
 81 compressed objects within 1 object stream
 20 named destinations out of 1000 (max. 500000)
 81 words of extra memory for PDF output out of 10000 (max. 10000000)

